-------------------------------------------------------------------------------
Test set: com.unittesting.junit.CalculatorTest
-------------------------------------------------------------------------------
Tests run: 7, Failures: 2, Errors: 1, Skipped: 0, Time elapsed: 0.025 s <<< FAILURE! -- in com.unittesting.junit.CalculatorTest
com.unittesting.junit.CalculatorTest.isEvenTest -- Time elapsed: 0.007 s <<< ERROR!
java.lang.Error: 
Unresolved compilation problem: 
	The method assertTrue(boolean) is undefined for the type CalculatorTest

	at com.unittesting.junit.CalculatorTest.isEvenTest(CalculatorTest.java:35)
	at java.base/java.lang.reflect.Method.invoke(Method.java:580)

com.unittesting.junit.CalculatorTest.checkArraysTest -- Time elapsed: 0.001 s <<< FAILURE!
java.lang.AssertionError: expected:<[I@6f03482> but was:<[I@9d5509a>
	at org.junit.Assert.fail(Assert.java:89)
	at org.junit.Assert.failNotEquals(Assert.java:835)
	at org.junit.Assert.assertEquals(Assert.java:120)
	at org.junit.Assert.assertEquals(Assert.java:146)
	at com.unittesting.junit.CalculatorTest.checkArraysTest(CalculatorTest.java:40)
	at java.base/java.lang.reflect.Method.invoke(Method.java:580)

com.unittesting.junit.CalculatorTest.checkAETest -- Time elapsed: 0.008 s <<< FAILURE!
java.lang.AssertionError: expected: java.lang.ArithmeticException<java.lang.ArithmeticException> but was: java.lang.ArithmeticException<java.lang.ArithmeticException>
	at org.junit.Assert.fail(Assert.java:89)
	at org.junit.Assert.failNotEquals(Assert.java:835)
	at org.junit.Assert.assertEquals(Assert.java:120)
	at org.junit.Assert.assertEquals(Assert.java:146)
	at com.unittesting.junit.CalculatorTest.checkAETest(CalculatorTest.java:45)
	at java.base/java.lang.reflect.Method.invoke(Method.java:580)

