-------------------------------------------------------------------------------
Test set: com.unittesting.junit.AppTest
-------------------------------------------------------------------------------
Tests run: 3, Failures: 1, Errors: 0, Skipped: 0, Time elapsed: 0.031 s <<< FAILURE! -- in com.unittesting.junit.AppTest
com.unittesting.junit.AppTest.checkTestTest -- Time elapsed: 0.005 s <<< FAILURE!
java.lang.AssertionError: expected null, but was:<sandhya>
	at org.junit.Assert.fail(Assert.java:89)
	at org.junit.Assert.failNotNull(Assert.java:756)
	at org.junit.Assert.assertNull(Assert.java:738)
	at org.junit.Assert.assertNull(Assert.java:748)
	at com.unittesting.junit.AppTest.checkTestTest(AppTest.java:30)
	at java.base/java.lang.reflect.Method.invoke(Method.java:580)

