<?xml version="1.0" encoding="UTF-8"?>
<testsuite xmlns:xsi="http://www.w3.org/2001/XMLSchema-instance" xsi:noNamespaceSchemaLocation="https://maven.apache.org/surefire/maven-surefire-plugin/xsd/surefire-test-report-3.0.xsd" version="3.0" name="com.unittesting.junit.AppTest" time="0.031" tests="3" errors="0" skipped="0" failures="1">
  <properties>
[...]
</properties>
  <testcase name="sayHelloTest" classname="com.unittesting.junit.AppTest" time="0.009">
    <system-out><![CDATA[Testing of api started
]]></system-out>
  </testcase>
  <testcase name="testshouldAnswerWithTrue" classname="com.unittesting.junit.AppTest" time="0.001"/>
  <testcase name="checkTestTest" classname="com.unittesting.junit.AppTest" time="0.005">
    <failure message="expected null, but was:&lt;sandhya&gt;" type="java.lang.AssertionError"><![CDATA[java.lang.AssertionError: expected null, but was:<sandhya>
	at org.junit.Assert.fail(Assert.java:89)
	at org.junit.Assert.failNotNull(Assert.java:756)
	at org.junit.Assert.assertNull(Assert.java:738)
	at org.junit.Assert.assertNull(Assert.java:748)
	at com.unittesting.junit.AppTest.checkTestTest(AppTest.java:30)
	at java.base/java.lang.reflect.Method.invoke(Method.java:580)
]]></failure>
  </testcase>
</testsuite>